mode: set
github.com/drakeafk/cmdsetgo/internal/pick/picker.go:17.83,20.29 3 0
github.com/drakeafk/cmdsetgo/internal/pick/picker.go:20.29,21.47 1 0
github.com/drakeafk/cmdsetgo/internal/pick/picker.go:21.47,23.4 1 0
github.com/drakeafk/cmdsetgo/internal/pick/picker.go:26.2,26.25 1 0
github.com/drakeafk/cmdsetgo/internal/pick/picker.go:26.25,31.28 4 0
github.com/drakeafk/cmdsetgo/internal/pick/picker.go:31.28,33.4 1 0
github.com/drakeafk/cmdsetgo/internal/pick/picker.go:35.3,35.30 1 0
github.com/drakeafk/cmdsetgo/internal/pick/picker.go:35.30,36.76 1 0
github.com/drakeafk/cmdsetgo/internal/pick/picker.go:36.76,38.10 2 0
github.com/drakeafk/cmdsetgo/internal/pick/picker.go:41.3,41.16 1 0
github.com/drakeafk/cmdsetgo/internal/pick/picker.go:41.16,43.4 1 0
github.com/drakeafk/cmdsetgo/internal/pick/picker.go:45.2,45.17 1 0
github.com/drakeafk/cmdsetgo/internal/pick/picker.go:50.64,55.31 4 1
github.com/drakeafk/cmdsetgo/internal/pick/picker.go:55.31,56.21 1 1
github.com/drakeafk/cmdsetgo/internal/pick/picker.go:56.21,57.35 1 1
github.com/drakeafk/cmdsetgo/internal/pick/picker.go:57.35,58.17 1 1
github.com/drakeafk/cmdsetgo/internal/pick/picker.go:58.17,61.6 2 1
github.com/drakeafk/cmdsetgo/internal/pick/picker.go:63.4,63.12 1 1
github.com/drakeafk/cmdsetgo/internal/pick/picker.go:66.3,66.35 1 1
github.com/drakeafk/cmdsetgo/internal/pick/picker.go:66.35,68.23 2 1
github.com/drakeafk/cmdsetgo/internal/pick/picker.go:68.23,70.5 1 0
github.com/drakeafk/cmdsetgo/internal/pick/picker.go:71.4,73.34 3 1
github.com/drakeafk/cmdsetgo/internal/pick/picker.go:73.34,75.5 1 1
github.com/drakeafk/cmdsetgo/internal/pick/picker.go:76.4,76.19 1 1
github.com/drakeafk/cmdsetgo/internal/pick/picker.go:76.19,78.5 1 1
github.com/drakeafk/cmdsetgo/internal/pick/picker.go:79.4,79.34 1 1
github.com/drakeafk/cmdsetgo/internal/pick/picker.go:79.34,80.30 1 1
github.com/drakeafk/cmdsetgo/internal/pick/picker.go:80.30,82.6 1 0
github.com/drakeafk/cmdsetgo/internal/pick/picker.go:83.5,83.17 1 1
github.com/drakeafk/cmdsetgo/internal/pick/picker.go:83.17,86.6 2 1
github.com/drakeafk/cmdsetgo/internal/pick/picker.go:88.9,90.18 2 1
github.com/drakeafk/cmdsetgo/internal/pick/picker.go:90.18,92.5 1 1
github.com/drakeafk/cmdsetgo/internal/pick/picker.go:93.4,93.33 1 1
github.com/drakeafk/cmdsetgo/internal/pick/picker.go:93.33,95.5 1 1
github.com/drakeafk/cmdsetgo/internal/pick/picker.go:96.4,96.18 1 1
github.com/drakeafk/cmdsetgo/internal/pick/picker.go:96.18,99.5 2 1
github.com/drakeafk/cmdsetgo/internal/pick/picker.go:103.2,103.23 1 1
github.com/drakeafk/cmdsetgo/internal/redact/redact.go:18.56,22.33 2 1
github.com/drakeafk/cmdsetgo/internal/redact/redact.go:22.33,26.74 2 1
github.com/drakeafk/cmdsetgo/internal/redact/redact.go:26.74,29.4 2 1
github.com/drakeafk/cmdsetgo/internal/redact/redact.go:32.3,33.80 2 1
github.com/drakeafk/cmdsetgo/internal/redact/redact.go:33.80,36.4 2 1
github.com/drakeafk/cmdsetgo/internal/redact/redact.go:40.2,40.35 1 1
github.com/drakeafk/cmdsetgo/internal/redact/redact.go:40.35,42.74 2 1
github.com/drakeafk/cmdsetgo/internal/redact/redact.go:42.74,45.36 2 1
github.com/drakeafk/cmdsetgo/internal/redact/redact.go:45.36,47.5 1 1
github.com/drakeafk/cmdsetgo/internal/redact/redact.go:48.4,49.44 2 1
github.com/drakeafk/cmdsetgo/internal/redact/redact.go:54.2,54.40 1 1
github.com/drakeafk/cmdsetgo/internal/redact/redact.go:54.40,55.53 1 1
github.com/drakeafk/cmdsetgo/internal/redact/redact.go:55.53,57.4 1 1
github.com/drakeafk/cmdsetgo/internal/redact/redact.go:60.2,60.17 1 1
github.com/drakeafk/cmdsetgo/internal/redact/redact.go:63.36,66.2 1 1
github.com/drakeafk/cmdsetgo/internal/scope/scope.go:14.39,17.16 3 0
github.com/drakeafk/cmdsetgo/internal/scope/scope.go:17.16,18.47 1 0
github.com/drakeafk/cmdsetgo/internal/scope/scope.go:18.47,21.4 2 0
github.com/drakeafk/cmdsetgo/internal/scope/scope.go:22.3,22.64 1 0
github.com/drakeafk/cmdsetgo/internal/scope/scope.go:24.2,24.47 1 0
github.com/drakeafk/cmdsetgo/internal/scope/scope.go:30.88,31.20 1 0
github.com/drakeafk/cmdsetgo/internal/scope/scope.go:31.20,33.3 1 0
github.com/drakeafk/cmdsetgo/internal/scope/scope.go:35.2,36.28 2 0
github.com/drakeafk/cmdsetgo/internal/scope/scope.go:36.28,37.45 1 0
github.com/drakeafk/cmdsetgo/internal/scope/scope.go:37.45,39.4 1 0
github.com/drakeafk/cmdsetgo/internal/scope/scope.go:41.2,41.23 1 0
github.com/drakeafk/cmdsetgo/internal/scope/scope.go:48.45,49.56 1 1
github.com/drakeafk/cmdsetgo/internal/scope/scope.go:49.56,51.35 2 1
github.com/drakeafk/cmdsetgo/internal/scope/scope.go:51.35,53.4 1 1
github.com/drakeafk/cmdsetgo/internal/scope/scope.go:54.3,54.17 1 1
github.com/drakeafk/cmdsetgo/internal/scope/scope.go:57.2,58.20 2 1
github.com/drakeafk/cmdsetgo/internal/scope/scope.go:58.20,60.3 1 1
github.com/drakeafk/cmdsetgo/internal/scope/scope.go:61.2,61.20 1 1
github.com/drakeafk/cmdsetgo/internal/scope/scope.go:61.20,63.3 1 1
github.com/drakeafk/cmdsetgo/internal/scope/scope.go:64.2,64.18 1 0
github.com/drakeafk/cmdsetgo/internal/shell/shell.go:68.46,70.16 2 0
github.com/drakeafk/cmdsetgo/internal/shell/shell.go:70.16,72.3 1 0
github.com/drakeafk/cmdsetgo/internal/shell/shell.go:74.2,74.15 1 0
github.com/drakeafk/cmdsetgo/internal/shell/shell.go:75.14,77.27 2 0
github.com/drakeafk/cmdsetgo/internal/shell/shell.go:77.27,79.43 2 0
github.com/drakeafk/cmdsetgo/internal/shell/shell.go:79.43,81.5 1 0
github.com/drakeafk/cmdsetgo/internal/shell/shell.go:83.3,83.45 1 0
github.com/drakeafk/cmdsetgo/internal/shell/shell.go:84.13,85.44 1 0
github.com/drakeafk/cmdsetgo/internal/shell/shell.go:86.10,87.56 1 0
github.com/drakeafk/cmdsetgo/internal/shell/shell.go:91.57,93.16 2 0
github.com/drakeafk/cmdsetgo/internal/shell/shell.go:93.16,95.3 1 0
github.com/drakeafk/cmdsetgo/internal/shell/shell.go:97.2,98.39 2 0
github.com/drakeafk/cmdsetgo/internal/shell/shell.go:98.39,100.3 1 0
github.com/drakeafk/cmdsetgo/internal/shell/shell.go:102.2,103.45 2 0
github.com/drakeafk/cmdsetgo/internal/shell/shell.go:103.45,105.46 1 0
github.com/drakeafk/cmdsetgo/internal/shell/shell.go:105.46,107.4 1 0
github.com/drakeafk/cmdsetgo/internal/shell/shell.go:109.3,110.29 2 0
github.com/drakeafk/cmdsetgo/internal/shell/shell.go:113.2,114.24 2 0
github.com/drakeafk/cmdsetgo/internal/shell/shell.go:114.24,116.3 1 0
github.com/drakeafk/cmdsetgo/internal/shell/shell.go:118.2,121.16 3 0
github.com/drakeafk/cmdsetgo/internal/shell/shell.go:121.16,123.3 1 0
github.com/drakeafk/cmdsetgo/internal/shell/shell.go:124.2,127.12 3 0
github.com/drakeafk/cmdsetgo/internal/shell/shell.go:130.40,132.16 2 0
github.com/drakeafk/cmdsetgo/internal/shell/shell.go:132.16,134.3 1 0
github.com/drakeafk/cmdsetgo/internal/shell/shell.go:136.2,137.16 2 0
github.com/drakeafk/cmdsetgo/internal/shell/shell.go:137.16,138.25 1 0
github.com/drakeafk/cmdsetgo/internal/shell/shell.go:138.25,140.4 1 0
github.com/drakeafk/cmdsetgo/internal/shell/shell.go:141.3,141.13 1 0
github.com/drakeafk/cmdsetgo/internal/shell/shell.go:144.2,145.46 2 0
github.com/drakeafk/cmdsetgo/internal/shell/shell.go:145.46,147.3 1 0
github.com/drakeafk/cmdsetgo/internal/shell/shell.go:149.2,152.29 4 0
github.com/drakeafk/cmdsetgo/internal/shell/shell.go:152.29,153.45 1 0
github.com/drakeafk/cmdsetgo/internal/shell/shell.go:153.45,155.12 2 0
github.com/drakeafk/cmdsetgo/internal/shell/shell.go:157.3,157.43 1 0
github.com/drakeafk/cmdsetgo/internal/shell/shell.go:157.43,159.12 2 0
github.com/drakeafk/cmdsetgo/internal/shell/shell.go:161.3,161.15 1 0
github.com/drakeafk/cmdsetgo/internal/shell/shell.go:161.15,163.4 1 0
github.com/drakeafk/cmdsetgo/internal/shell/shell.go:166.2,166.73 1 0
github.com/drakeafk/cmdsetgo/internal/store/store.go:14.37,16.16 2 0
github.com/drakeafk/cmdsetgo/internal/store/store.go:16.16,18.3 1 0
github.com/drakeafk/cmdsetgo/internal/store/store.go:19.2,19.46 1 0
github.com/drakeafk/cmdsetgo/internal/store/store.go:25.38,26.59 1 0
github.com/drakeafk/cmdsetgo/internal/store/store.go:26.59,28.3 1 0
github.com/drakeafk/cmdsetgo/internal/store/store.go:29.2,30.16 2 0
github.com/drakeafk/cmdsetgo/internal/store/store.go:30.16,32.3 1 0
github.com/drakeafk/cmdsetgo/internal/store/store.go:33.2,33.57 1 0
github.com/drakeafk/cmdsetgo/internal/store/store.go:37.36,39.16 2 0
github.com/drakeafk/cmdsetgo/internal/store/store.go:39.16,41.3 1 0
github.com/drakeafk/cmdsetgo/internal/store/store.go:42.2,42.55 1 0
github.com/drakeafk/cmdsetgo/internal/store/store.go:46.25,48.16 2 0
github.com/drakeafk/cmdsetgo/internal/store/store.go:48.16,50.3 1 0
github.com/drakeafk/cmdsetgo/internal/store/store.go:52.2,53.16 2 0
github.com/drakeafk/cmdsetgo/internal/store/store.go:53.16,55.3 1 0
github.com/drakeafk/cmdsetgo/internal/store/store.go:57.2,57.53 1 0
github.com/drakeafk/cmdsetgo/internal/store/store.go:57.53,59.3 1 0
github.com/drakeafk/cmdsetgo/internal/store/store.go:61.2,61.36 1 0
github.com/drakeafk/cmdsetgo/internal/events/reader.go:14.54,16.16 2 0
github.com/drakeafk/cmdsetgo/internal/events/reader.go:16.16,18.3 1 0
github.com/drakeafk/cmdsetgo/internal/events/reader.go:19.2,23.21 4 0
github.com/drakeafk/cmdsetgo/internal/events/reader.go:23.21,26.54 3 0
github.com/drakeafk/cmdsetgo/internal/events/reader.go:26.54,28.12 2 0
github.com/drakeafk/cmdsetgo/internal/events/reader.go:30.3,30.33 1 0
github.com/drakeafk/cmdsetgo/internal/events/reader.go:33.2,33.38 1 0
github.com/drakeafk/cmdsetgo/internal/events/reader.go:33.38,35.3 1 0
github.com/drakeafk/cmdsetgo/internal/events/reader.go:37.2,37.20 1 0
github.com/drakeafk/cmdsetgo/internal/events/writer.go:9.56,11.16 2 0
github.com/drakeafk/cmdsetgo/internal/events/writer.go:11.16,13.3 1 0
github.com/drakeafk/cmdsetgo/internal/events/writer.go:14.2,17.30 3 0
github.com/drakeafk/cmdsetgo/cmd/cmdsetgo/main.go:7.13,9.2 1 0
github.com/drakeafk/cmdsetgo/internal/cli/cli.go:15.47,17.3 1 0
github.com/drakeafk/cmdsetgo/internal/cli/cli.go:21.16,22.42 1 0
github.com/drakeafk/cmdsetgo/internal/cli/cli.go:22.42,25.3 2 0
github.com/drakeafk/cmdsetgo/internal/cli/cli.go:28.14,30.2 0 0
github.com/drakeafk/cmdsetgo/internal/cli/export.go:28.54,30.17 2 0
github.com/drakeafk/cmdsetgo/internal/cli/export.go:30.17,32.4 1 0
github.com/drakeafk/cmdsetgo/internal/cli/export.go:34.3,35.26 2 0
github.com/drakeafk/cmdsetgo/internal/cli/export.go:35.26,38.18 2 0
github.com/drakeafk/cmdsetgo/internal/cli/export.go:38.18,40.5 1 0
github.com/drakeafk/cmdsetgo/internal/cli/export.go:41.9,41.108 1 0
github.com/drakeafk/cmdsetgo/internal/cli/export.go:41.108,44.4 1 0
github.com/drakeafk/cmdsetgo/internal/cli/export.go:46.3,47.17 2 0
github.com/drakeafk/cmdsetgo/internal/cli/export.go:47.17,49.4 1 0
github.com/drakeafk/cmdsetgo/internal/cli/export.go:50.3,53.66 3 0
github.com/drakeafk/cmdsetgo/internal/cli/export.go:53.66,55.4 1 0
github.com/drakeafk/cmdsetgo/internal/cli/export.go:57.3,58.22 2 0
github.com/drakeafk/cmdsetgo/internal/cli/export.go:58.22,60.18 2 0
github.com/drakeafk/cmdsetgo/internal/cli/export.go:60.18,62.5 1 0
github.com/drakeafk/cmdsetgo/internal/cli/export.go:63.4,64.11 2 0
github.com/drakeafk/cmdsetgo/internal/cli/export.go:67.3,67.23 1 0
github.com/drakeafk/cmdsetgo/internal/cli/export.go:68.15,69.60 1 0
github.com/drakeafk/cmdsetgo/internal/cli/export.go:70.25,71.64 1 0
github.com/drakeafk/cmdsetgo/internal/cli/export.go:72.11,73.57 1 0
github.com/drakeafk/cmdsetgo/internal/cli/export.go:78.58,80.16 2 0
github.com/drakeafk/cmdsetgo/internal/cli/export.go:80.16,82.3 1 0
github.com/drakeafk/cmdsetgo/internal/cli/export.go:84.2,85.26 2 0
github.com/drakeafk/cmdsetgo/internal/cli/export.go:85.26,86.102 1 0
github.com/drakeafk/cmdsetgo/internal/cli/export.go:86.102,88.4 1 0
github.com/drakeafk/cmdsetgo/internal/cli/export.go:91.2,91.26 1 0
github.com/drakeafk/cmdsetgo/internal/cli/export.go:91.26,93.3 1 0
github.com/drakeafk/cmdsetgo/internal/cli/export.go:96.2,96.45 1 0
github.com/drakeafk/cmdsetgo/internal/cli/export.go:96.45,98.3 1 0
github.com/drakeafk/cmdsetgo/internal/cli/export.go:100.2,100.47 1 0
github.com/drakeafk/cmdsetgo/internal/cli/export.go:103.13,109.2 5 0
github.com/drakeafk/cmdsetgo/internal/cli/install.go:19.54,20.25 1 0
github.com/drakeafk/cmdsetgo/internal/cli/install.go:20.25,22.4 1 0
github.com/drakeafk/cmdsetgo/internal/cli/install.go:24.3,25.23 2 0
github.com/drakeafk/cmdsetgo/internal/cli/install.go:25.23,28.18 3 0
github.com/drakeafk/cmdsetgo/internal/cli/install.go:28.18,30.5 1 0
github.com/drakeafk/cmdsetgo/internal/cli/install.go:34.3,34.44 1 0
github.com/drakeafk/cmdsetgo/internal/cli/install.go:34.44,36.4 1 0
github.com/drakeafk/cmdsetgo/internal/cli/install.go:38.3,38.65 1 0
github.com/drakeafk/cmdsetgo/internal/cli/install.go:38.65,40.4 1 0
github.com/drakeafk/cmdsetgo/internal/cli/install.go:42.3,44.13 3 0
github.com/drakeafk/cmdsetgo/internal/cli/install.go:51.54,52.25 1 0
github.com/drakeafk/cmdsetgo/internal/cli/install.go:52.25,54.4 1 0
github.com/drakeafk/cmdsetgo/internal/cli/install.go:56.3,56.55 1 0
github.com/drakeafk/cmdsetgo/internal/cli/install.go:56.55,58.4 1 0
github.com/drakeafk/cmdsetgo/internal/cli/install.go:60.3,61.13 2 0
github.com/drakeafk/cmdsetgo/internal/cli/install.go:65.13,73.2 5 0
github.com/drakeafk/cmdsetgo/internal/cli/last.go:24.54,26.17 2 0
github.com/drakeafk/cmdsetgo/internal/cli/last.go:26.17,28.4 1 0
github.com/drakeafk/cmdsetgo/internal/cli/last.go:30.3,31.17 2 0
github.com/drakeafk/cmdsetgo/internal/cli/last.go:31.17,33.27 1 0
github.com/drakeafk/cmdsetgo/internal/cli/last.go:33.27,35.5 1 0
github.com/drakeafk/cmdsetgo/internal/cli/last.go:36.4,36.35 1 0
github.com/drakeafk/cmdsetgo/internal/cli/last.go:39.3,40.64 2 0
github.com/drakeafk/cmdsetgo/internal/cli/last.go:40.64,42.18 2 0
github.com/drakeafk/cmdsetgo/internal/cli/last.go:42.18,44.5 1 0
github.com/drakeafk/cmdsetgo/internal/cli/last.go:47.3,50.30 2 0
github.com/drakeafk/cmdsetgo/internal/cli/last.go:50.30,52.4 1 0
github.com/drakeafk/cmdsetgo/internal/cli/last.go:54.3,54.27 1 0
github.com/drakeafk/cmdsetgo/internal/cli/last.go:54.27,56.4 1 0
github.com/drakeafk/cmdsetgo/internal/cli/last.go:58.3,59.13 2 0
github.com/drakeafk/cmdsetgo/internal/cli/last.go:63.25,66.2 2 0
github.com/drakeafk/cmdsetgo/internal/cli/last.go:68.45,72.2 3 0
github.com/drakeafk/cmdsetgo/internal/cli/last.go:74.57,77.25 2 0
github.com/drakeafk/cmdsetgo/internal/cli/last.go:77.25,81.3 3 0
github.com/drakeafk/cmdsetgo/internal/cli/last.go:82.2,82.11 1 0
github.com/drakeafk/cmdsetgo/internal/cli/last.go:85.13,90.2 4 0
github.com/drakeafk/cmdsetgo/internal/cli/pick.go:28.54,30.17 2 0
github.com/drakeafk/cmdsetgo/internal/cli/pick.go:30.17,32.4 1 0
github.com/drakeafk/cmdsetgo/internal/cli/pick.go:34.3,35.17 2 0
github.com/drakeafk/cmdsetgo/internal/cli/pick.go:35.17,37.4 1 0
github.com/drakeafk/cmdsetgo/internal/cli/pick.go:39.3,40.64 2 0
github.com/drakeafk/cmdsetgo/internal/cli/pick.go:40.64,42.18 2 0
github.com/drakeafk/cmdsetgo/internal/cli/pick.go:42.18,44.5 1 0
github.com/drakeafk/cmdsetgo/internal/cli/pick.go:47.3,50.20 3 0
github.com/drakeafk/cmdsetgo/internal/cli/pick.go:50.20,52.4 1 0
github.com/drakeafk/cmdsetgo/internal/cli/pick.go:53.3,56.30 2 0
github.com/drakeafk/cmdsetgo/internal/cli/pick.go:56.30,58.4 1 0
github.com/drakeafk/cmdsetgo/internal/cli/pick.go:60.3,60.25 1 0
github.com/drakeafk/cmdsetgo/internal/cli/pick.go:60.25,63.4 2 0
github.com/drakeafk/cmdsetgo/internal/cli/pick.go:66.3,70.22 4 0
github.com/drakeafk/cmdsetgo/internal/cli/pick.go:70.22,72.4 1 0
github.com/drakeafk/cmdsetgo/internal/cli/pick.go:73.3,76.17 3 0
github.com/drakeafk/cmdsetgo/internal/cli/pick.go:76.17,78.4 1 0
github.com/drakeafk/cmdsetgo/internal/cli/pick.go:80.3,80.24 1 0
github.com/drakeafk/cmdsetgo/internal/cli/pick.go:80.24,83.4 2 0
github.com/drakeafk/cmdsetgo/internal/cli/pick.go:85.3,86.31 2 0
github.com/drakeafk/cmdsetgo/internal/cli/pick.go:86.31,88.4 1 0
github.com/drakeafk/cmdsetgo/internal/cli/pick.go:91.3,101.17 4 0
github.com/drakeafk/cmdsetgo/internal/cli/pick.go:101.17,103.4 1 0
github.com/drakeafk/cmdsetgo/internal/cli/pick.go:104.3,104.53 1 0
github.com/drakeafk/cmdsetgo/internal/cli/pick.go:104.53,106.4 1 0
github.com/drakeafk/cmdsetgo/internal/cli/pick.go:108.3,110.17 3 0
github.com/drakeafk/cmdsetgo/internal/cli/pick.go:110.17,112.4 1 0
github.com/drakeafk/cmdsetgo/internal/cli/pick.go:113.3,117.51 4 0
github.com/drakeafk/cmdsetgo/internal/cli/pick.go:117.51,119.4 1 0
github.com/drakeafk/cmdsetgo/internal/cli/pick.go:121.3,124.13 3 0
github.com/drakeafk/cmdsetgo/internal/cli/pick.go:128.13,134.2 5 0
github.com/drakeafk/cmdsetgo/internal/export/bash.go:13.86,18.30 5 0
github.com/drakeafk/cmdsetgo/internal/export/bash.go:18.30,20.3 1 0
github.com/drakeafk/cmdsetgo/internal/export/bash.go:21.2,24.37 3 0
github.com/drakeafk/cmdsetgo/internal/export/bash.go:24.37,26.27 1 0
github.com/drakeafk/cmdsetgo/internal/export/bash.go:26.27,30.4 2 0
github.com/drakeafk/cmdsetgo/internal/export/bash.go:32.3,34.31 3 0
github.com/drakeafk/cmdsetgo/internal/export/bash.go:37.2,37.12 1 0
github.com/drakeafk/cmdsetgo/internal/export/markdown.go:13.90,17.30 4 0
github.com/drakeafk/cmdsetgo/internal/export/markdown.go:17.30,19.3 1 0
github.com/drakeafk/cmdsetgo/internal/export/markdown.go:20.2,23.37 3 0
github.com/drakeafk/cmdsetgo/internal/export/markdown.go:23.37,24.27 1 0
github.com/drakeafk/cmdsetgo/internal/export/markdown.go:24.27,27.4 2 0
github.com/drakeafk/cmdsetgo/internal/export/markdown.go:29.3,34.18 6 0
github.com/drakeafk/cmdsetgo/internal/export/markdown.go:37.2,37.12 1 0
